Using pre-set license
Built from '2021.2/staging' branch; Version is '2021.2.11f1 (e50cafbb4399) revision 15010991'; Using compiler version '192829333'; Build Type 'Release'
OS: 'Windows 10  (10.0.19043) 64bit Professional' Language: 'it' Physical Memory: 16165 MB
BatchMode: 1, IsHumanControllingUs: 0, StartBugReporterOnCrash: 0, Is64bit: 1, IsPro: 0

COMMAND LINE ARGUMENTS:
C:\Program Files\Unity\Hub\Editor\2021.2.11f1\Editor\Unity.exe
-adb2
-batchMode
-noUpm
-name
AssetImportWorker0
-projectPath
C:/Users/lucad/OneDrive/Desktop/Progetti/Vomitiamo/APPPPPP
-logFile
Logs/AssetImportWorker0.log
-srvPort
64082
Successfully changed project path to: C:/Users/lucad/OneDrive/Desktop/Progetti/Vomitiamo/APPPPPP
C:/Users/lucad/OneDrive/Desktop/Progetti/Vomitiamo/APPPPPP
[UnityMemory] Configuration Parameters - Can be set up in boot.config
    "memorysetup-bucket-allocator-granularity=16"
    "memorysetup-bucket-allocator-bucket-count=8"
    "memorysetup-bucket-allocator-block-size=33554432"
    "memorysetup-bucket-allocator-block-count=8"
    "memorysetup-main-allocator-block-size=16777216"
    "memorysetup-thread-allocator-block-size=16777216"
    "memorysetup-gfx-main-allocator-block-size=16777216"
    "memorysetup-gfx-thread-allocator-block-size=16777216"
    "memorysetup-cache-allocator-block-size=4194304"
    "memorysetup-typetree-allocator-block-size=2097152"
    "memorysetup-profiler-bucket-allocator-granularity=16"
    "memorysetup-profiler-bucket-allocator-bucket-count=8"
    "memorysetup-profiler-bucket-allocator-block-size=33554432"
    "memorysetup-profiler-bucket-allocator-block-count=8"
    "memorysetup-profiler-allocator-block-size=16777216"
    "memorysetup-profiler-editor-allocator-block-size=1048576"
    "memorysetup-temp-allocator-size-main=16777216"
    "memorysetup-job-temp-allocator-block-size=2097152"
    "memorysetup-job-temp-allocator-block-size-background=1048576"
    "memorysetup-job-temp-allocator-reduction-small-platforms=262144"
    "memorysetup-temp-allocator-size-background-worker=32768"
    "memorysetup-temp-allocator-size-job-worker=262144"
    "memorysetup-temp-allocator-size-preload-manager=33554432"
    "memorysetup-temp-allocator-size-nav-mesh-worker=65536"
    "memorysetup-temp-allocator-size-audio-worker=65536"
    "memorysetup-temp-allocator-size-cloud-worker=32768"
    "memorysetup-temp-allocator-size-gi-baking-worker=262144"
    "memorysetup-temp-allocator-size-gfx=262144"
Refreshing native plugins compatible for Editor in 31.75 ms, found 2 plugins.
Preloading 0 native plugins for Editor in 0.00 ms.
Initialize engine version: 2021.2.11f1 (e50cafbb4399)
[Subsystems] Discovering subsystems at path C:/Program Files/Unity/Hub/Editor/2021.2.11f1/Editor/Data/Resources/UnitySubsystems
[Subsystems] Discovering subsystems at path C:/Users/lucad/OneDrive/Desktop/Progetti/Vomitiamo/APPPPPP/Assets
GfxDevice: creating device client; threaded=0; jobified=0
Direct3D:
    Version:  Direct3D 11.0 [level 11.1]
    Renderer: NVIDIA GeForce MX250 (ID=0x1d13)
    Vendor:   NVIDIA
    VRAM:     1983 MB
    Driver:   30.0.14.7247
Initialize mono
Mono path[0] = 'C:/Program Files/Unity/Hub/Editor/2021.2.11f1/Editor/Data/Managed'
Mono path[1] = 'C:/Program Files/Unity/Hub/Editor/2021.2.11f1/Editor/Data/MonoBleedingEdge/lib/mono/unityjit-win32'
Mono config path = 'C:/Program Files/Unity/Hub/Editor/2021.2.11f1/Editor/Data/MonoBleedingEdge/etc'
Using monoOptions --debugger-agent=transport=dt_socket,embedding=1,server=y,suspend=n,address=127.0.0.1:56508
Begin MonoManager ReloadAssembly
Registering precompiled unity dll's ...
Register platform support module: C:/Program Files/Unity/Hub/Editor/2021.2.11f1/Editor/Data/PlaybackEngines/WindowsStandaloneSupport/UnityEditor.WindowsStandalone.Extensions.dll
Registered in 0.007962 seconds.
Native extension for WindowsStandalone target not found
Refreshing native plugins compatible for Editor in 27.00 ms, found 2 plugins.
Preloading 0 native plugins for Editor in 0.00 ms.
Mono: successfully reloaded assembly
- Completed reload, in  0.635 seconds
Domain Reload Profiling:
	ReloadAssembly (636ms)
		BeginReloadAssembly (82ms)
			ExecutionOrderSort (0ms)
			DisableScriptedObjects (0ms)
			BackupInstance (0ms)
			ReleaseScriptingObjects (0ms)
			CreateAndSetChildDomain (1ms)
		EndReloadAssembly (466ms)
			LoadAssemblies (79ms)
			RebuildTransferFunctionScriptingTraits (0ms)
			SetupTypeCache (120ms)
			ReleaseScriptCaches (0ms)
			RebuildScriptCaches (34ms)
			SetupLoadedEditorAssemblies (250ms)
				LogAssemblyErrors (0ms)
				InitializePlatformSupportModulesInManaged (17ms)
				SetLoadedEditorAssemblies (0ms)
				RefreshPlugins (27ms)
				BeforeProcessingInitializeOnLoad (1ms)
				ProcessInitializeOnLoadAttributes (155ms)
				ProcessInitializeOnLoadMethodAttributes (49ms)
				AfterProcessingInitializeOnLoad (0ms)
				EditorAssembliesLoaded (0ms)
			ExecutionOrderSort2 (0ms)
			AwakeInstancesAfterBackupRestoration (0ms)
Platform modules already initialized, skipping
Registering precompiled user dll's ...
Registered in 0.003389 seconds.
Begin MonoManager ReloadAssembly
Native extension for WindowsStandalone target not found
Refreshing native plugins compatible for Editor in 0.28 ms, found 2 plugins.
Preloading 0 native plugins for Editor in 0.00 ms.
Mono: successfully reloaded assembly
- Completed reload, in  0.859 seconds
Domain Reload Profiling:
	ReloadAssembly (859ms)
		BeginReloadAssembly (123ms)
			ExecutionOrderSort (0ms)
			DisableScriptedObjects (5ms)
			BackupInstance (0ms)
			ReleaseScriptingObjects (0ms)
			CreateAndSetChildDomain (21ms)
		EndReloadAssembly (642ms)
			LoadAssemblies (83ms)
			RebuildTransferFunctionScriptingTraits (0ms)
			SetupTypeCache (177ms)
			ReleaseScriptCaches (1ms)
			RebuildScriptCaches (40ms)
			SetupLoadedEditorAssemblies (312ms)
				LogAssemblyErrors (0ms)
				InitializePlatformSupportModulesInManaged (13ms)
				SetLoadedEditorAssemblies (0ms)
				RefreshPlugins (0ms)
				BeforeProcessingInitializeOnLoad (52ms)
				ProcessInitializeOnLoadAttributes (210ms)
				ProcessInitializeOnLoadMethodAttributes (26ms)
				AfterProcessingInitializeOnLoad (10ms)
				EditorAssembliesLoaded (0ms)
			ExecutionOrderSort2 (0ms)
			AwakeInstancesAfterBackupRestoration (7ms)
Platform modules already initialized, skipping
========================================================================
Worker process is ready to serve import requests
Launched and connected shader compiler UnityShaderCompiler.exe after 0.06 seconds
Refreshing native plugins compatible for Editor in 0.27 ms, found 2 plugins.
Preloading 0 native plugins for Editor in 0.00 ms.
Unloading 1547 Unused Serialized files (Serialized files now loaded: 0)
Unloading 16 unused Assets / (55.7 KB). Loaded Objects now: 2018.
Memory consumption went from 143.6 MB to 143.6 MB.
Total: 2.577900 ms (FindLiveObjects: 0.145800 ms CreateObjectMapping: 0.049300 ms MarkObjects: 2.312000 ms  DeleteObjects: 0.069800 ms)

AssetImportParameters requested are different than current active one (requested -> active):
  custom:video-decoder-ogg-theora: a1e56fd34408186e4bbccfd4996cb3dc -> 
  custom:container-muxer-webm: aa71ff27fc2769a1b78a27578f13a17b -> 
  custom:container-demuxer-webm: 4f35f7cbe854078d1ac9338744f61a02 -> 
  custom:video-encoder-webm-vp8: eb34c28f22e8b96e1ab97ce403110664 -> 
  custom:audio-encoder-webm-vorbis: bf7c407c2cedff20999df2af8eb42d56 -> 
  custom:framework-win-MediaFoundation: 216162199b28c13a410421893ffa2e32 -> 
  custom:container-demuxer-ogg: 62fdf1f143b41e24485cea50d1cbac27 -> 
  custom:video-decoder-webm-vp8: 9c59270c3fd7afecdb556c50c9e8de78 -> 
  custom:audio-decoder-ogg-vorbis: bf7c407c2cedff20999df2af8eb42d56 -> 
========================================================================
Received Import Request.
  Time since last request: 181292.930177 seconds.
  path: Assets/Scenes/Bottle ninja.unity
  artifactKey: Guid(9fc0d4010bbf28b4594072e72b8655ab) Importer(815301076,1909f56bfc062723c751e8b465ee728b)
Start importing Assets/Scenes/Bottle ninja.unity using Guid(9fc0d4010bbf28b4594072e72b8655ab) Importer(815301076,1909f56bfc062723c751e8b465ee728b)  -> (artifact id: 'acab765401f7ba2d75de51cdc9e03f24') in 0.013871 seconds 
========================================================================
Received Import Request.
  Time since last request: 39.904889 seconds.
  path: Assets/Scenes/Hockey.unity
  artifactKey: Guid(708520c1fc4e8a5408d53f5c92947b5d) Importer(815301076,1909f56bfc062723c751e8b465ee728b)
Start importing Assets/Scenes/Hockey.unity using Guid(708520c1fc4e8a5408d53f5c92947b5d) Importer(815301076,1909f56bfc062723c751e8b465ee728b)  -> (artifact id: '8723dbe1fc05b9a891b28d7a761c088f') in 0.004674 seconds 
========================================================================
Received Import Request.
  Time since last request: 53.865799 seconds.
  path: Assets/Scenes/Hockey.unity
  artifactKey: Guid(708520c1fc4e8a5408d53f5c92947b5d) Importer(815301076,1909f56bfc062723c751e8b465ee728b)
Start importing Assets/Scenes/Hockey.unity using Guid(708520c1fc4e8a5408d53f5c92947b5d) Importer(815301076,1909f56bfc062723c751e8b465ee728b)  -> (artifact id: 'e5424245da27eab8ab41e5635a4dffd4') in 0.003420 seconds 
========================================================================
Received Prepare
Registering precompiled user dll's ...
Registered in 0.003437 seconds.
Begin MonoManager ReloadAssembly
Native extension for WindowsStandalone target not found
Refreshing native plugins compatible for Editor in 0.30 ms, found 2 plugins.
Preloading 0 native plugins for Editor in 0.00 ms.
Mono: successfully reloaded assembly
- Completed reload, in  1.000 seconds
Domain Reload Profiling:
	ReloadAssembly (1001ms)
		BeginReloadAssembly (136ms)
			ExecutionOrderSort (0ms)
			DisableScriptedObjects (6ms)
			BackupInstance (0ms)
			ReleaseScriptingObjects (0ms)
			CreateAndSetChildDomain (34ms)
		EndReloadAssembly (753ms)
			LoadAssemblies (80ms)
			RebuildTransferFunctionScriptingTraits (0ms)
			SetupTypeCache (180ms)
			ReleaseScriptCaches (2ms)
			RebuildScriptCaches (43ms)
			SetupLoadedEditorAssemblies (385ms)
				LogAssemblyErrors (0ms)
				InitializePlatformSupportModulesInManaged (15ms)
				SetLoadedEditorAssemblies (0ms)
				RefreshPlugins (0ms)
				BeforeProcessingInitializeOnLoad (62ms)
				ProcessInitializeOnLoadAttributes (262ms)
				ProcessInitializeOnLoadMethodAttributes (31ms)
				AfterProcessingInitializeOnLoad (13ms)
				EditorAssembliesLoaded (0ms)
			ExecutionOrderSort2 (0ms)
			AwakeInstancesAfterBackupRestoration (7ms)
Platform modules already initialized, skipping
Switching build target platform(19) subTarget(0) extendedPlatform(0) -> platform(13) subTarget(0) extendedPlatform(0)
Refreshing native plugins compatible for Editor in 0.75 ms, found 2 plugins.
Preloading 0 native plugins for Editor in 0.00 ms.
Unloading 1531 Unused Serialized files (Serialized files now loaded: 0)
Unloading 11 unused Assets / (24.6 KB). Loaded Objects now: 2020.
Memory consumption went from 142.1 MB to 142.1 MB.
Total: 3.829100 ms (FindLiveObjects: 0.242300 ms CreateObjectMapping: 0.101600 ms MarkObjects: 3.438800 ms  DeleteObjects: 0.043800 ms)

AssetImportParameters requested are different than current active one (requested -> active):
  custom:video-decoder-ogg-theora: a1e56fd34408186e4bbccfd4996cb3dc -> 
  custom:container-muxer-webm: aa71ff27fc2769a1b78a27578f13a17b -> 
  custom:container-demuxer-webm: 4f35f7cbe854078d1ac9338744f61a02 -> 
  custom:video-encoder-webm-vp8: eb34c28f22e8b96e1ab97ce403110664 -> 
  custom:audio-encoder-webm-vorbis: bf7c407c2cedff20999df2af8eb42d56 -> 
  custom:framework-win-MediaFoundation: 216162199b28c13a410421893ffa2e32 -> 
  custom:container-demuxer-ogg: 62fdf1f143b41e24485cea50d1cbac27 -> 
  custom:video-decoder-webm-vp8: 9c59270c3fd7afecdb556c50c9e8de78 -> 
  custom:audio-decoder-ogg-vorbis: bf7c407c2cedff20999df2af8eb42d56 -> 
========================================================================
Received Import Request.
  Time since last request: 591.448367 seconds.
  path: Assets/beer ninja/Bottle/3D/12178_bottle_v1_L2.obj
  artifactKey: Guid(c31ef07afea8a4556bb1c8527d4f7f90) Importer(815301076,1909f56bfc062723c751e8b465ee728b)
Start importing Assets/beer ninja/Bottle/3D/12178_bottle_v1_L2.obj using Guid(c31ef07afea8a4556bb1c8527d4f7f90) Importer(815301076,1909f56bfc062723c751e8b465ee728b)  -> (artifact id: '74b238be014a7f374cbdc6bd5250f031') in 0.423514 seconds 
========================================================================
Received Import Request.
  Time since last request: 0.000033 seconds.
  path: Assets/beer ninja/Bottle/3D/Bottiglia tagliata down.prefab
  artifactKey: Guid(6852739eca6b244568bfff9563387227) Importer(815301076,1909f56bfc062723c751e8b465ee728b)
Start importing Assets/beer ninja/Bottle/3D/Bottiglia tagliata down.prefab using Guid(6852739eca6b244568bfff9563387227) Importer(815301076,1909f56bfc062723c751e8b465ee728b)  -> (artifact id: '50c821e467dc19af3f330b329a871731') in 0.121566 seconds 
========================================================================
Received Import Request.
  Time since last request: 0.000042 seconds.
  path: Assets/beer ninja/Bottle/3D/water cut.fbx
  artifactKey: Guid(8197f56b636884b05a162a2d031a6ad4) Importer(815301076,1909f56bfc062723c751e8b465ee728b)
Start importing Assets/beer ninja/Bottle/3D/water cut.fbx using Guid(8197f56b636884b05a162a2d031a6ad4) Importer(815301076,1909f56bfc062723c751e8b465ee728b)  -> (artifact id: '6c7414a1d62b096c0071795a374ae9f6') in 0.060083 seconds 
========================================================================
Received Import Request.
  Time since last request: 0.000026 seconds.
  path: Assets/beer ninja/Bottle/3D/bubbl-01.png
  artifactKey: Guid(0acb6e20676bd4accbd25f2374b541d9) Importer(815301076,1909f56bfc062723c751e8b465ee728b)
Start importing Assets/beer ninja/Bottle/3D/bubbl-01.png using Guid(0acb6e20676bd4accbd25f2374b541d9) Importer(815301076,1909f56bfc062723c751e8b465ee728b)  -> (artifact id: 'e6a45a9a2f3fe3383618291b20c6ed3f') in 0.087468 seconds 
========================================================================
Received Import Request.
  Time since last request: 0.000025 seconds.
  path: Assets/beer ninja/Bottle/3D/Bottiglia up.prefab
  artifactKey: Guid(f71e8dc60564f4f689995bbefb583616) Importer(815301076,1909f56bfc062723c751e8b465ee728b)
Start importing Assets/beer ninja/Bottle/3D/Bottiglia up.prefab using Guid(f71e8dc60564f4f689995bbefb583616) Importer(815301076,1909f56bfc062723c751e8b465ee728b)  -> (artifact id: 'c6acbb698f1f73b975f75d42fbb0dc66') in 0.045018 seconds 
========================================================================
Received Import Request.
  Time since last request: 0.000027 seconds.
  path: Assets/beer ninja/Bottle/3D/untitled.obj
  artifactKey: Guid(6f1a2cb088eb34fcbac92a5fc6d894c9) Importer(815301076,1909f56bfc062723c751e8b465ee728b)
Start importing Assets/beer ninja/Bottle/3D/untitled.obj using Guid(6f1a2cb088eb34fcbac92a5fc6d894c9) Importer(815301076,1909f56bfc062723c751e8b465ee728b)  -> (artifact id: 'c8e8cf6a2fa3d59d72782240a97f6cbd') in 0.065225 seconds 
========================================================================
Received Import Request.
  Time since last request: 0.000031 seconds.
  path: Assets/beer ninja/Bottle/3D/Bottle sciabolata DOWN.prefab
  artifactKey: Guid(29b9cb5c9775d4e25a3d8f49e690b051) Importer(815301076,1909f56bfc062723c751e8b465ee728b)
Start importing Assets/beer ninja/Bottle/3D/Bottle sciabolata DOWN.prefab using Guid(29b9cb5c9775d4e25a3d8f49e690b051) Importer(815301076,1909f56bfc062723c751e8b465ee728b)  -> (artifact id: 'ffefe3421367448277bbb08d79601275') in 0.037119 seconds 
========================================================================
Received Import Request.
  Time since last request: 0.000159 seconds.
  path: Assets/beer ninja/Bottle/3D/Bottiglia tagliata up.prefab
  artifactKey: Guid(236577d5fb47b42aa8daabfb83f22307) Importer(815301076,1909f56bfc062723c751e8b465ee728b)
Start importing Assets/beer ninja/Bottle/3D/Bottiglia tagliata up.prefab using Guid(236577d5fb47b42aa8daabfb83f22307) Importer(815301076,1909f56bfc062723c751e8b465ee728b)  -> (artifact id: '8c6c17cf17d357cdf1bba4c5a7015e5f') in 0.032171 seconds 
========================================================================
Received Import Request.
  Time since last request: 3.263469 seconds.
  path: Assets/beer ninja/Bottle/2D bottle.png
  artifactKey: Guid(2fdbb33ed961e4be1b989e73d36f870a) Importer(815301076,1909f56bfc062723c751e8b465ee728b)
Start importing Assets/beer ninja/Bottle/2D bottle.png using Guid(2fdbb33ed961e4be1b989e73d36f870a) Importer(815301076,1909f56bfc062723c751e8b465ee728b)  -> (artifact id: '4fe7d5f698987dccd7b33b1b695ed984') in 0.048385 seconds 
========================================================================
Received Import Request.
  Time since last request: 0.000021 seconds.
  path: Assets/beer ninja/Bottle/2D cut water.png
  artifactKey: Guid(d91707c9816134fef8e4ed113bad8229) Importer(815301076,1909f56bfc062723c751e8b465ee728b)
Start importing Assets/beer ninja/Bottle/2D cut water.png using Guid(d91707c9816134fef8e4ed113bad8229) Importer(815301076,1909f56bfc062723c751e8b465ee728b)  -> (artifact id: '27b691830c20dbdc6d8708cb57b01c93') in 0.098103 seconds 
========================================================================
Received Import Request.
  Time since last request: 0.000017 seconds.
  path: Assets/beer ninja/Bottle/vuoto.png
  artifactKey: Guid(6aee8b4e87348434391a34e3a163913f) Importer(815301076,1909f56bfc062723c751e8b465ee728b)
Start importing Assets/beer ninja/Bottle/vuoto.png using Guid(6aee8b4e87348434391a34e3a163913f) Importer(815301076,1909f56bfc062723c751e8b465ee728b)  -> (artifact id: 'c1c81ac6c534ae3366d54801aa2c166f') in 0.036407 seconds 
========================================================================
Received Import Request.
  Time since last request: 17.247783 seconds.
  path: Assets/beer ninja/2D bottle Down.prefab
  artifactKey: Guid(895851e9fc9984b1381383d04ce204fb) Importer(815301076,1909f56bfc062723c751e8b465ee728b)
Start importing Assets/beer ninja/2D bottle Down.prefab using Guid(895851e9fc9984b1381383d04ce204fb) Importer(815301076,1909f56bfc062723c751e8b465ee728b)  -> (artifact id: 'ed14000d786e11a7a703212443ef243e') in 0.036127 seconds 
========================================================================
Received Import Request.
  Time since last request: 0.000019 seconds.
  path: Assets/beer ninja/2D water Down.prefab
  artifactKey: Guid(11f5309efb366453cbc13d986c3f373e) Importer(815301076,1909f56bfc062723c751e8b465ee728b)
Start importing Assets/beer ninja/2D water Down.prefab using Guid(11f5309efb366453cbc13d986c3f373e) Importer(815301076,1909f56bfc062723c751e8b465ee728b)  -> (artifact id: '3191339cc10bfdaa613c09e1db653daa') in 0.029986 seconds 
========================================================================
Received Import Request.
  Time since last request: 0.000036 seconds.
  path: Assets/beer ninja/LamaTrail.mat
  artifactKey: Guid(308455e3c71e0481db5d528a6e84ea7f) Importer(815301076,1909f56bfc062723c751e8b465ee728b)
Start importing Assets/beer ninja/LamaTrail.mat using Guid(308455e3c71e0481db5d528a6e84ea7f) Importer(815301076,1909f56bfc062723c751e8b465ee728b)  -> (artifact id: '0a77b2e3e087a69bc9c4e7ba7d3f0e4b') in 0.021023 seconds 
========================================================================
Received Import Request.
  Time since last request: 0.000028 seconds.
  path: Assets/beer ninja/2D cut water.prefab
  artifactKey: Guid(93c1e1fa0cbb84c208fbfa7c3876eabd) Importer(815301076,1909f56bfc062723c751e8b465ee728b)
Start importing Assets/beer ninja/2D cut water.prefab using Guid(93c1e1fa0cbb84c208fbfa7c3876eabd) Importer(815301076,1909f56bfc062723c751e8b465ee728b)  -> (artifact id: '1eee190a4ab375fda378b32d0f3b59bf') in 0.019194 seconds 
========================================================================
Received Import Request.
  Time since last request: 13.218304 seconds.
  path: Assets/Scenes/Hockey.unity
  artifactKey: Guid(708520c1fc4e8a5408d53f5c92947b5d) Importer(815301076,1909f56bfc062723c751e8b465ee728b)
Start importing Assets/Scenes/Hockey.unity using Guid(708520c1fc4e8a5408d53f5c92947b5d) Importer(815301076,1909f56bfc062723c751e8b465ee728b)  -> (artifact id: 'd25756ba851efa47e8b3253479d0c708') in 0.004925 seconds 
========================================================================
Received Import Request.
  Time since last request: 201.580586 seconds.
  path: Assets/Hockey
  artifactKey: Guid(e9dde651d082dc444b1f2fe8441490aa) Importer(815301076,1909f56bfc062723c751e8b465ee728b)
Start importing Assets/Hockey using Guid(e9dde651d082dc444b1f2fe8441490aa) Importer(815301076,1909f56bfc062723c751e8b465ee728b)  -> (artifact id: '9c830b4619ad1487c8b99077e686f0d8') in 0.003771 seconds 
========================================================================
Received Import Request.
  Time since last request: 7.196026 seconds.
  path: Assets/Hockey/disk-removebg-preview.png
  artifactKey: Guid(aa917a9c38dd0174495527695bca2555) Importer(815301076,1909f56bfc062723c751e8b465ee728b)
Start importing Assets/Hockey/disk-removebg-preview.png using Guid(aa917a9c38dd0174495527695bca2555) Importer(815301076,1909f56bfc062723c751e8b465ee728b)  -> (artifact id: 'ba5d8ff56a74ff180f3491303351d57d') in 0.019618 seconds 
========================================================================
Received Import Request.
  Time since last request: 11.377536 seconds.
  path: Assets/Hockey/disk-removebg-preview.png
  artifactKey: Guid(aa917a9c38dd0174495527695bca2555) Importer(815301076,1909f56bfc062723c751e8b465ee728b)
Start importing Assets/Hockey/disk-removebg-preview.png using Guid(aa917a9c38dd0174495527695bca2555) Importer(815301076,1909f56bfc062723c751e8b465ee728b)  -> (artifact id: '7dd13c603640c9bb0a0aae1d2d4c5293') in 0.020018 seconds 
========================================================================
Received Import Request.
  Time since last request: 1041.888756 seconds.
  path: Assets/Hockey/playerController.cs
  artifactKey: Guid(ddbaaf897ff140846a2b2650a94cc5d9) Importer(815301076,1909f56bfc062723c751e8b465ee728b)
Start importing Assets/Hockey/playerController.cs using Guid(ddbaaf897ff140846a2b2650a94cc5d9) Importer(815301076,1909f56bfc062723c751e8b465ee728b)  -> (artifact id: '7e917a6be0a25d955809e3a52d54af95') in 0.019424 seconds 
========================================================================
Received Prepare
Registering precompiled user dll's ...
Registered in 0.003706 seconds.
Begin MonoManager ReloadAssembly
Native extension for WindowsStandalone target not found
Refreshing native plugins compatible for Editor in 0.29 ms, found 2 plugins.
Preloading 0 native plugins for Editor in 0.00 ms.
Mono: successfully reloaded assembly
- Completed reload, in  1.157 seconds
Domain Reload Profiling:
	ReloadAssembly (1158ms)
		BeginReloadAssembly (183ms)
			ExecutionOrderSort (0ms)
			DisableScriptedObjects (7ms)
			BackupInstance (0ms)
			ReleaseScriptingObjects (0ms)
			CreateAndSetChildDomain (49ms)
		EndReloadAssembly (860ms)
			LoadAssemblies (116ms)
			RebuildTransferFunctionScriptingTraits (0ms)
			SetupTypeCache (230ms)
			ReleaseScriptCaches (1ms)
			RebuildScriptCaches (51ms)
			SetupLoadedEditorAssemblies (342ms)
				LogAssemblyErrors (0ms)
				InitializePlatformSupportModulesInManaged (22ms)
				SetLoadedEditorAssemblies (0ms)
				RefreshPlugins (0ms)
				BeforeProcessingInitializeOnLoad (66ms)
				ProcessInitializeOnLoadAttributes (218ms)
				ProcessInitializeOnLoadMethodAttributes (25ms)
				AfterProcessingInitializeOnLoad (9ms)
				EditorAssembliesLoaded (0ms)
			ExecutionOrderSort2 (0ms)
			AwakeInstancesAfterBackupRestoration (15ms)
Platform modules already initialized, skipping
Switching build target platform(19) subTarget(0) extendedPlatform(0) -> platform(13) subTarget(0) extendedPlatform(0)
Refreshing native plugins compatible for Editor in 0.28 ms, found 2 plugins.
Preloading 0 native plugins for Editor in 0.00 ms.
Unloading 1537 Unused Serialized files (Serialized files now loaded: 0)
Unloading 11 unused Assets / (24.6 KB). Loaded Objects now: 2167.
Memory consumption went from 157.8 MB to 157.8 MB.
Total: 6.651500 ms (FindLiveObjects: 0.243400 ms CreateObjectMapping: 0.101200 ms MarkObjects: 6.274900 ms  DeleteObjects: 0.030000 ms)

AssetImportParameters requested are different than current active one (requested -> active):
  custom:video-decoder-ogg-theora: a1e56fd34408186e4bbccfd4996cb3dc -> 
  custom:container-muxer-webm: aa71ff27fc2769a1b78a27578f13a17b -> 
  custom:container-demuxer-webm: 4f35f7cbe854078d1ac9338744f61a02 -> 
  custom:video-encoder-webm-vp8: eb34c28f22e8b96e1ab97ce403110664 -> 
  custom:audio-encoder-webm-vorbis: bf7c407c2cedff20999df2af8eb42d56 -> 
  custom:framework-win-MediaFoundation: 216162199b28c13a410421893ffa2e32 -> 
  custom:container-demuxer-ogg: 62fdf1f143b41e24485cea50d1cbac27 -> 
  custom:video-decoder-webm-vp8: 9c59270c3fd7afecdb556c50c9e8de78 -> 
  custom:audio-decoder-ogg-vorbis: bf7c407c2cedff20999df2af8eb42d56 -> 
