Using pre-set license
Built from '2021.2/staging' branch; Version is '2021.2.11f1 (e50cafbb4399) revision 15010991'; Using compiler version '192829333'; Build Type 'Release'
OS: 'Windows 10  (10.0.19043) 64bit Professional' Language: 'it' Physical Memory: 16165 MB
BatchMode: 1, IsHumanControllingUs: 0, StartBugReporterOnCrash: 0, Is64bit: 1, IsPro: 0

COMMAND LINE ARGUMENTS:
C:\Program Files\Unity\Hub\Editor\2021.2.11f1\Editor\Unity.exe
-adb2
-batchMode
-noUpm
-name
AssetImportWorker1
-projectPath
C:/Users/lucad/OneDrive/Desktop/Progetti/Vomitiamo/APPPPPP
-logFile
Logs/AssetImportWorker1.log
-srvPort
64082
Successfully changed project path to: C:/Users/lucad/OneDrive/Desktop/Progetti/Vomitiamo/APPPPPP
C:/Users/lucad/OneDrive/Desktop/Progetti/Vomitiamo/APPPPPP
[UnityMemory] Configuration Parameters - Can be set up in boot.config
    "memorysetup-bucket-allocator-granularity=16"
    "memorysetup-bucket-allocator-bucket-count=8"
    "memorysetup-bucket-allocator-block-size=33554432"
    "memorysetup-bucket-allocator-block-count=8"
    "memorysetup-main-allocator-block-size=16777216"
    "memorysetup-thread-allocator-block-size=16777216"
    "memorysetup-gfx-main-allocator-block-size=16777216"
    "memorysetup-gfx-thread-allocator-block-size=16777216"
    "memorysetup-cache-allocator-block-size=4194304"
    "memorysetup-typetree-allocator-block-size=2097152"
    "memorysetup-profiler-bucket-allocator-granularity=16"
    "memorysetup-profiler-bucket-allocator-bucket-count=8"
    "memorysetup-profiler-bucket-allocator-block-size=33554432"
    "memorysetup-profiler-bucket-allocator-block-count=8"
    "memorysetup-profiler-allocator-block-size=16777216"
    "memorysetup-profiler-editor-allocator-block-size=1048576"
    "memorysetup-temp-allocator-size-main=16777216"
    "memorysetup-job-temp-allocator-block-size=2097152"
    "memorysetup-job-temp-allocator-block-size-background=1048576"
    "memorysetup-job-temp-allocator-reduction-small-platforms=262144"
    "memorysetup-temp-allocator-size-background-worker=32768"
    "memorysetup-temp-allocator-size-job-worker=262144"
    "memorysetup-temp-allocator-size-preload-manager=33554432"
    "memorysetup-temp-allocator-size-nav-mesh-worker=65536"
    "memorysetup-temp-allocator-size-audio-worker=65536"
    "memorysetup-temp-allocator-size-cloud-worker=32768"
    "memorysetup-temp-allocator-size-gi-baking-worker=262144"
    "memorysetup-temp-allocator-size-gfx=262144"
Refreshing native plugins compatible for Editor in 33.97 ms, found 2 plugins.
Preloading 0 native plugins for Editor in 0.00 ms.
Initialize engine version: 2021.2.11f1 (e50cafbb4399)
[Subsystems] Discovering subsystems at path C:/Program Files/Unity/Hub/Editor/2021.2.11f1/Editor/Data/Resources/UnitySubsystems
[Subsystems] Discovering subsystems at path C:/Users/lucad/OneDrive/Desktop/Progetti/Vomitiamo/APPPPPP/Assets
GfxDevice: creating device client; threaded=0; jobified=0
Direct3D:
    Version:  Direct3D 11.0 [level 11.1]
    Renderer: NVIDIA GeForce MX250 (ID=0x1d13)
    Vendor:   NVIDIA
    VRAM:     1983 MB
    Driver:   30.0.14.7247
Initialize mono
Mono path[0] = 'C:/Program Files/Unity/Hub/Editor/2021.2.11f1/Editor/Data/Managed'
Mono path[1] = 'C:/Program Files/Unity/Hub/Editor/2021.2.11f1/Editor/Data/MonoBleedingEdge/lib/mono/unityjit-win32'
Mono config path = 'C:/Program Files/Unity/Hub/Editor/2021.2.11f1/Editor/Data/MonoBleedingEdge/etc'
Using monoOptions --debugger-agent=transport=dt_socket,embedding=1,server=y,suspend=n,address=127.0.0.1:56512
Begin MonoManager ReloadAssembly
Registering precompiled unity dll's ...
Register platform support module: C:/Program Files/Unity/Hub/Editor/2021.2.11f1/Editor/Data/PlaybackEngines/WindowsStandaloneSupport/UnityEditor.WindowsStandalone.Extensions.dll
Registered in 0.008211 seconds.
Native extension for WindowsStandalone target not found
Refreshing native plugins compatible for Editor in 25.40 ms, found 2 plugins.
Preloading 0 native plugins for Editor in 0.00 ms.
Mono: successfully reloaded assembly
- Completed reload, in  0.628 seconds
Domain Reload Profiling:
	ReloadAssembly (629ms)
		BeginReloadAssembly (81ms)
			ExecutionOrderSort (0ms)
			DisableScriptedObjects (0ms)
			BackupInstance (0ms)
			ReleaseScriptingObjects (0ms)
			CreateAndSetChildDomain (1ms)
		EndReloadAssembly (463ms)
			LoadAssemblies (77ms)
			RebuildTransferFunctionScriptingTraits (0ms)
			SetupTypeCache (122ms)
			ReleaseScriptCaches (0ms)
			RebuildScriptCaches (34ms)
			SetupLoadedEditorAssemblies (244ms)
				LogAssemblyErrors (0ms)
				InitializePlatformSupportModulesInManaged (16ms)
				SetLoadedEditorAssemblies (0ms)
				RefreshPlugins (25ms)
				BeforeProcessingInitializeOnLoad (1ms)
				ProcessInitializeOnLoadAttributes (152ms)
				ProcessInitializeOnLoadMethodAttributes (49ms)
				AfterProcessingInitializeOnLoad (0ms)
				EditorAssembliesLoaded (0ms)
			ExecutionOrderSort2 (0ms)
			AwakeInstancesAfterBackupRestoration (0ms)
Platform modules already initialized, skipping
Registering precompiled user dll's ...
Registered in 0.002887 seconds.
Begin MonoManager ReloadAssembly
Native extension for WindowsStandalone target not found
Refreshing native plugins compatible for Editor in 0.30 ms, found 2 plugins.
Preloading 0 native plugins for Editor in 0.00 ms.
Mono: successfully reloaded assembly
- Completed reload, in  0.858 seconds
Domain Reload Profiling:
	ReloadAssembly (859ms)
		BeginReloadAssembly (124ms)
			ExecutionOrderSort (0ms)
			DisableScriptedObjects (5ms)
			BackupInstance (0ms)
			ReleaseScriptingObjects (0ms)
			CreateAndSetChildDomain (21ms)
		EndReloadAssembly (642ms)
			LoadAssemblies (83ms)
			RebuildTransferFunctionScriptingTraits (0ms)
			SetupTypeCache (174ms)
			ReleaseScriptCaches (1ms)
			RebuildScriptCaches (41ms)
			SetupLoadedEditorAssemblies (318ms)
				LogAssemblyErrors (0ms)
				InitializePlatformSupportModulesInManaged (15ms)
				SetLoadedEditorAssemblies (0ms)
				RefreshPlugins (0ms)
				BeforeProcessingInitializeOnLoad (53ms)
				ProcessInitializeOnLoadAttributes (212ms)
				ProcessInitializeOnLoadMethodAttributes (27ms)
				AfterProcessingInitializeOnLoad (10ms)
				EditorAssembliesLoaded (0ms)
			ExecutionOrderSort2 (0ms)
			AwakeInstancesAfterBackupRestoration (6ms)
Platform modules already initialized, skipping
========================================================================
Worker process is ready to serve import requests
Launched and connected shader compiler UnityShaderCompiler.exe after 0.06 seconds
Refreshing native plugins compatible for Editor in 0.31 ms, found 2 plugins.
Preloading 0 native plugins for Editor in 0.00 ms.
Unloading 1547 Unused Serialized files (Serialized files now loaded: 0)
Unloading 16 unused Assets / (55.7 KB). Loaded Objects now: 2018.
Memory consumption went from 143.6 MB to 143.5 MB.
Total: 2.605300 ms (FindLiveObjects: 0.141200 ms CreateObjectMapping: 0.057800 ms MarkObjects: 2.323000 ms  DeleteObjects: 0.082000 ms)

AssetImportParameters requested are different than current active one (requested -> active):
  custom:video-decoder-ogg-theora: a1e56fd34408186e4bbccfd4996cb3dc -> 
  custom:container-muxer-webm: aa71ff27fc2769a1b78a27578f13a17b -> 
  custom:container-demuxer-webm: 4f35f7cbe854078d1ac9338744f61a02 -> 
  custom:video-encoder-webm-vp8: eb34c28f22e8b96e1ab97ce403110664 -> 
  custom:audio-encoder-webm-vorbis: bf7c407c2cedff20999df2af8eb42d56 -> 
  custom:framework-win-MediaFoundation: 216162199b28c13a410421893ffa2e32 -> 
  custom:container-demuxer-ogg: 62fdf1f143b41e24485cea50d1cbac27 -> 
  custom:video-decoder-webm-vp8: 9c59270c3fd7afecdb556c50c9e8de78 -> 
  custom:audio-decoder-ogg-vorbis: bf7c407c2cedff20999df2af8eb42d56 -> 
========================================================================
Received Import Request.
  Time since last request: 181292.930094 seconds.
  path: Assets/Scenes
  artifactKey: Guid(f3b828b21f3b545bd9602d2852a1bec9) Importer(815301076,1909f56bfc062723c751e8b465ee728b)
Start importing Assets/Scenes using Guid(f3b828b21f3b545bd9602d2852a1bec9) Importer(815301076,1909f56bfc062723c751e8b465ee728b)  -> (artifact id: 'f0c7bab716da7376ce565df74b63409f') in 0.005705 seconds 
========================================================================
Received Prepare
Registering precompiled user dll's ...
Registered in 0.003811 seconds.
Begin MonoManager ReloadAssembly
Native extension for WindowsStandalone target not found
Refreshing native plugins compatible for Editor in 0.38 ms, found 2 plugins.
Preloading 0 native plugins for Editor in 0.00 ms.
Mono: successfully reloaded assembly
- Completed reload, in  1.028 seconds
Domain Reload Profiling:
	ReloadAssembly (1028ms)
		BeginReloadAssembly (140ms)
			ExecutionOrderSort (0ms)
			DisableScriptedObjects (6ms)
			BackupInstance (0ms)
			ReleaseScriptingObjects (0ms)
			CreateAndSetChildDomain (34ms)
		EndReloadAssembly (775ms)
			LoadAssemblies (84ms)
			RebuildTransferFunctionScriptingTraits (0ms)
			SetupTypeCache (169ms)
			ReleaseScriptCaches (1ms)
			RebuildScriptCaches (50ms)
			SetupLoadedEditorAssemblies (404ms)
				LogAssemblyErrors (0ms)
				InitializePlatformSupportModulesInManaged (20ms)
				SetLoadedEditorAssemblies (1ms)
				RefreshPlugins (0ms)
				BeforeProcessingInitializeOnLoad (64ms)
				ProcessInitializeOnLoadAttributes (280ms)
				ProcessInitializeOnLoadMethodAttributes (28ms)
				AfterProcessingInitializeOnLoad (11ms)
				EditorAssembliesLoaded (0ms)
			ExecutionOrderSort2 (0ms)
			AwakeInstancesAfterBackupRestoration (8ms)
Platform modules already initialized, skipping
Switching build target platform(19) subTarget(0) extendedPlatform(0) -> platform(13) subTarget(0) extendedPlatform(0)
Refreshing native plugins compatible for Editor in 0.39 ms, found 2 plugins.
Preloading 0 native plugins for Editor in 0.00 ms.
Unloading 1531 Unused Serialized files (Serialized files now loaded: 0)
Unloading 11 unused Assets / (24.5 KB). Loaded Objects now: 2020.
Memory consumption went from 142.1 MB to 142.1 MB.
Total: 3.221100 ms (FindLiveObjects: 0.611800 ms CreateObjectMapping: 0.103300 ms MarkObjects: 2.473800 ms  DeleteObjects: 0.028500 ms)

AssetImportParameters requested are different than current active one (requested -> active):
  custom:video-decoder-ogg-theora: a1e56fd34408186e4bbccfd4996cb3dc -> 
  custom:container-muxer-webm: aa71ff27fc2769a1b78a27578f13a17b -> 
  custom:container-demuxer-webm: 4f35f7cbe854078d1ac9338744f61a02 -> 
  custom:video-encoder-webm-vp8: eb34c28f22e8b96e1ab97ce403110664 -> 
  custom:audio-encoder-webm-vorbis: bf7c407c2cedff20999df2af8eb42d56 -> 
  custom:framework-win-MediaFoundation: 216162199b28c13a410421893ffa2e32 -> 
  custom:container-demuxer-ogg: 62fdf1f143b41e24485cea50d1cbac27 -> 
  custom:video-decoder-webm-vp8: 9c59270c3fd7afecdb556c50c9e8de78 -> 
  custom:audio-decoder-ogg-vorbis: bf7c407c2cedff20999df2af8eb42d56 -> 
========================================================================
Received Import Request.
  Time since last request: 685.243473 seconds.
  path: Assets/beer ninja/Bottle/3D/bolle-01.png
  artifactKey: Guid(f6a250c8a7ada4682b2b28a21cb6ecdc) Importer(815301076,1909f56bfc062723c751e8b465ee728b)
Start importing Assets/beer ninja/Bottle/3D/bolle-01.png using Guid(f6a250c8a7ada4682b2b28a21cb6ecdc) Importer(815301076,1909f56bfc062723c751e8b465ee728b)  -> (artifact id: '1f6a12ddc77de6125cd385f43dd6243f') in 0.288339 seconds 
========================================================================
Received Import Request.
  Time since last request: 0.000025 seconds.
  path: Assets/beer ninja/Bottle/3D/Bolle.mat
  artifactKey: Guid(cd69fee22ab7540d9a4b80f44cba59e8) Importer(815301076,1909f56bfc062723c751e8b465ee728b)
Start importing Assets/beer ninja/Bottle/3D/Bolle.mat using Guid(cd69fee22ab7540d9a4b80f44cba59e8) Importer(815301076,1909f56bfc062723c751e8b465ee728b)  -> (artifact id: 'd3bcfeb852ffbf0d1335990bc5779c59') in 0.104665 seconds 
========================================================================
Received Import Request.
  Time since last request: 0.000027 seconds.
  path: Assets/beer ninja/Bottle/3D/champ_diffuse.jpg
  artifactKey: Guid(3a94582c2635140feaaeca52b659aec2) Importer(815301076,1909f56bfc062723c751e8b465ee728b)
Start importing Assets/beer ninja/Bottle/3D/champ_diffuse.jpg using Guid(3a94582c2635140feaaeca52b659aec2) Importer(815301076,1909f56bfc062723c751e8b465ee728b)  -> (artifact id: 'dc67fd7158e9f136668d5520309cf4d8') in 0.071722 seconds 
========================================================================
Received Import Request.
  Time since last request: 0.000046 seconds.
  path: Assets/beer ninja/Bottle/3D/Bottiglia down.prefab
  artifactKey: Guid(2a6358b3309424d2d94955bcd6c1e640) Importer(815301076,1909f56bfc062723c751e8b465ee728b)
Start importing Assets/beer ninja/Bottle/3D/Bottiglia down.prefab using Guid(2a6358b3309424d2d94955bcd6c1e640) Importer(815301076,1909f56bfc062723c751e8b465ee728b)  -> (artifact id: '8caa09553a4216f3d5b3fef45585ab84') in 0.273783 seconds 
========================================================================
Received Import Request.
  Time since last request: 0.000042 seconds.
  path: Assets/beer ninja/Bottle/3D/bubble.mat
  artifactKey: Guid(8c725f24013d748b8888119a12e7aec3) Importer(815301076,1909f56bfc062723c751e8b465ee728b)
Start importing Assets/beer ninja/Bottle/3D/bubble.mat using Guid(8c725f24013d748b8888119a12e7aec3) Importer(815301076,1909f56bfc062723c751e8b465ee728b)  -> (artifact id: '1c985a834031ce9c81c31a581e47d8d5') in 0.035840 seconds 
========================================================================
Received Import Request.
  Time since last request: 0.000167 seconds.
  path: Assets/beer ninja/Bottle/3D/bottle cut.fbx
  artifactKey: Guid(519a51556323b4e29af3fe1b550a8d43) Importer(815301076,1909f56bfc062723c751e8b465ee728b)
Start importing Assets/beer ninja/Bottle/3D/bottle cut.fbx using Guid(519a51556323b4e29af3fe1b550a8d43) Importer(815301076,1909f56bfc062723c751e8b465ee728b)  -> (artifact id: '3c537642849404ec9f2c9ae3c89ab328') in 0.085371 seconds 
========================================================================
Received Import Request.
  Time since last request: 0.000053 seconds.
  path: Assets/beer ninja/Bottle/3D/Bottle sciabolata UP.prefab
  artifactKey: Guid(e3736fd5677e24aed84abb6e44462703) Importer(815301076,1909f56bfc062723c751e8b465ee728b)
Start importing Assets/beer ninja/Bottle/3D/Bottle sciabolata UP.prefab using Guid(e3736fd5677e24aed84abb6e44462703) Importer(815301076,1909f56bfc062723c751e8b465ee728b)  -> (artifact id: '969e6e8ef73004594a3cd48d460d888c') in 0.041507 seconds 
========================================================================
Received Import Request.
  Time since last request: 3.235561 seconds.
  path: Assets/beer ninja/Bottle/2D cut bottle.png
  artifactKey: Guid(23978af5f8c814c9ca7559c3e1b81aaa) Importer(815301076,1909f56bfc062723c751e8b465ee728b)
Start importing Assets/beer ninja/Bottle/2D cut bottle.png using Guid(23978af5f8c814c9ca7559c3e1b81aaa) Importer(815301076,1909f56bfc062723c751e8b465ee728b)  -> (artifact id: '4435fe184b281874c206568042b8dda1') in 0.049516 seconds 
========================================================================
Received Import Request.
  Time since last request: 0.000055 seconds.
  path: Assets/beer ninja/Bottle/tappo.png
  artifactKey: Guid(8bf9d8fb2a1974167a6e55ea04ec612d) Importer(815301076,1909f56bfc062723c751e8b465ee728b)
Start importing Assets/beer ninja/Bottle/tappo.png using Guid(8bf9d8fb2a1974167a6e55ea04ec612d) Importer(815301076,1909f56bfc062723c751e8b465ee728b)  -> (artifact id: 'c4e33b5f092119158f4c9a1d03c78f59') in 0.020052 seconds 
========================================================================
Received Import Request.
  Time since last request: 0.000045 seconds.
  path: Assets/beer ninja/Bottle/2D water.png
  artifactKey: Guid(83e2087f84842497886866c157c2dacd) Importer(815301076,1909f56bfc062723c751e8b465ee728b)
Start importing Assets/beer ninja/Bottle/2D water.png using Guid(83e2087f84842497886866c157c2dacd) Importer(815301076,1909f56bfc062723c751e8b465ee728b)  -> (artifact id: '4f85bad158e7c1b866a17452b9f589fd') in 0.093603 seconds 
========================================================================
Received Import Request.
  Time since last request: 0.000258 seconds.
  path: Assets/beer ninja/Bottle/bolle.png
  artifactKey: Guid(1665b92953a3b4e6c8aeac287ccd28f3) Importer(815301076,1909f56bfc062723c751e8b465ee728b)
Start importing Assets/beer ninja/Bottle/bolle.png using Guid(1665b92953a3b4e6c8aeac287ccd28f3) Importer(815301076,1909f56bfc062723c751e8b465ee728b)  -> (artifact id: 'a16ee7428d640bb926e8860e5482f571') in 0.038766 seconds 
========================================================================
Received Import Request.
  Time since last request: 17.216945 seconds.
  path: Assets/beer ninja/2D bottle Up.prefab
  artifactKey: Guid(bd16abecbe2864d2d9cb16e1542d1db9) Importer(815301076,1909f56bfc062723c751e8b465ee728b)
Start importing Assets/beer ninja/2D bottle Up.prefab using Guid(bd16abecbe2864d2d9cb16e1542d1db9) Importer(815301076,1909f56bfc062723c751e8b465ee728b)  -> (artifact id: '6417acc947d529631a8903be1a09a3ad') in 0.035241 seconds 
========================================================================
Received Import Request.
  Time since last request: 0.000018 seconds.
  path: Assets/beer ninja/2D cut Bottle.prefab
  artifactKey: Guid(31bc5177b6f9944698483df9e6648944) Importer(815301076,1909f56bfc062723c751e8b465ee728b)
Start importing Assets/beer ninja/2D cut Bottle.prefab using Guid(31bc5177b6f9944698483df9e6648944) Importer(815301076,1909f56bfc062723c751e8b465ee728b)  -> (artifact id: 'a7bfef8133032d3d01b51c91664eced1') in 0.029756 seconds 
========================================================================
Received Import Request.
  Time since last request: 0.000027 seconds.
  path: Assets/beer ninja/2D water Up.prefab
  artifactKey: Guid(5097dc3835fed4df4b9b47054e36779e) Importer(815301076,1909f56bfc062723c751e8b465ee728b)
Start importing Assets/beer ninja/2D water Up.prefab using Guid(5097dc3835fed4df4b9b47054e36779e) Importer(815301076,1909f56bfc062723c751e8b465ee728b)  -> (artifact id: 'cbff94077ba16e1e60f01669f10240ce') in 0.030614 seconds 
========================================================================
Received Import Request.
  Time since last request: 0.000033 seconds.
  path: Assets/beer ninja/LamaTrail.prefab
  artifactKey: Guid(3e92a98c8b1a64bbf8729c49e015acd2) Importer(815301076,1909f56bfc062723c751e8b465ee728b)
Start importing Assets/beer ninja/LamaTrail.prefab using Guid(3e92a98c8b1a64bbf8729c49e015acd2) Importer(815301076,1909f56bfc062723c751e8b465ee728b)  -> (artifact id: '0f14455c301abec8ebc4765ee12ff4c4') in 0.015087 seconds 
========================================================================
Received Prepare
Registering precompiled user dll's ...
Registered in 0.006137 seconds.
Begin MonoManager ReloadAssembly
Native extension for WindowsStandalone target not found
Refreshing native plugins compatible for Editor in 0.30 ms, found 2 plugins.
Preloading 0 native plugins for Editor in 0.00 ms.
Mono: successfully reloaded assembly
- Completed reload, in  1.173 seconds
Domain Reload Profiling:
	ReloadAssembly (1174ms)
		BeginReloadAssembly (174ms)
			ExecutionOrderSort (0ms)
			DisableScriptedObjects (8ms)
			BackupInstance (0ms)
			ReleaseScriptingObjects (1ms)
			CreateAndSetChildDomain (42ms)
		EndReloadAssembly (878ms)
			LoadAssemblies (117ms)
			RebuildTransferFunctionScriptingTraits (0ms)
			SetupTypeCache (218ms)
			ReleaseScriptCaches (1ms)
			RebuildScriptCaches (50ms)
			SetupLoadedEditorAssemblies (337ms)
				LogAssemblyErrors (0ms)
				InitializePlatformSupportModulesInManaged (21ms)
				SetLoadedEditorAssemblies (1ms)
				RefreshPlugins (0ms)
				BeforeProcessingInitializeOnLoad (64ms)
				ProcessInitializeOnLoadAttributes (216ms)
				ProcessInitializeOnLoadMethodAttributes (25ms)
				AfterProcessingInitializeOnLoad (10ms)
				EditorAssembliesLoaded (0ms)
			ExecutionOrderSort2 (0ms)
			AwakeInstancesAfterBackupRestoration (13ms)
Platform modules already initialized, skipping
Switching build target platform(19) subTarget(0) extendedPlatform(0) -> platform(13) subTarget(0) extendedPlatform(0)
Refreshing native plugins compatible for Editor in 1.36 ms, found 2 plugins.
Preloading 0 native plugins for Editor in 0.00 ms.
Unloading 1538 Unused Serialized files (Serialized files now loaded: 0)
Unloading 11 unused Assets / (24.6 KB). Loaded Objects now: 2167.
Memory consumption went from 163.6 MB to 163.6 MB.
Total: 2.898100 ms (FindLiveObjects: 0.158400 ms CreateObjectMapping: 0.075100 ms MarkObjects: 2.644800 ms  DeleteObjects: 0.017900 ms)

AssetImportParameters requested are different than current active one (requested -> active):
  custom:video-decoder-ogg-theora: a1e56fd34408186e4bbccfd4996cb3dc -> 
  custom:container-muxer-webm: aa71ff27fc2769a1b78a27578f13a17b -> 
  custom:container-demuxer-webm: 4f35f7cbe854078d1ac9338744f61a02 -> 
  custom:video-encoder-webm-vp8: eb34c28f22e8b96e1ab97ce403110664 -> 
  custom:audio-encoder-webm-vorbis: bf7c407c2cedff20999df2af8eb42d56 -> 
  custom:framework-win-MediaFoundation: 216162199b28c13a410421893ffa2e32 -> 
  custom:container-demuxer-ogg: 62fdf1f143b41e24485cea50d1cbac27 -> 
  custom:video-decoder-webm-vp8: 9c59270c3fd7afecdb556c50c9e8de78 -> 
  custom:audio-decoder-ogg-vorbis: bf7c407c2cedff20999df2af8eb42d56 -> 
